--- Bot Engine Started (Patrolling Mode) ---
[aaa] Reinforced (37017, 147628) -> S:2
[bbb] Captured NEW grid (37008, 147622)
[ccc] Reinforced (37027, 147633) -> S:2
[aaa] Captured NEW grid (37016, 147628)
[aaa] Captured NEW grid (37016, 147629)
[bbb] Captured NEW grid (37007, 147623)
[ccc] Captured NEW grid (37026, 147634)
[aaa] Captured NEW grid (37015, 147629)
[bbb] Captured NEW grid (37006, 147623)
[ccc] Captured NEW grid (37025, 147634)
[aaa] Captured NEW grid (37014, 147629)
[ccc] Captured NEW grid (37025, 147635)
[bbb] Captured NEW grid (37006, 147624)
[aaa] Captured NEW grid (37013, 147629)
[ccc] Reinforced (37025, 147635) -> S:2
[bbb] Captured NEW grid (37005, 147624)
[aaa] Captured NEW grid (37013, 147630)
[aaa] Captured NEW grid (37012, 147630)
[bbb] Captured NEW grid (37005, 147625)
[ccc] Reinforced (37025, 147634) -> S:2
[aaa] Reinforced (37012, 147630) -> S:2
[bbb] Captured NEW grid (37004, 147625)
[ccc] Captured NEW grid (37025, 147633)
[aaa] Captured NEW grid (37011, 147630)
[bbb] Captured NEW grid (37004, 147626)
[ccc] Reinforced (37025, 147633) -> S:2
[aaa] Captured NEW grid (37010, 147630)
[bbb] Reinforced (37004, 147626) -> S:2
[ccc] Captured NEW grid (37025, 147632)
[bbb] Captured NEW grid (37003, 147626)
[bbb] Captured NEW grid (37003, 147627)
[aaa] TOOK OVER grid from User 51!
[ccc] Reinforced (37025, 147631) -> S:3
[bbb] Reinforced (37003, 147627) -> S:2
[aaa] Reinforced (37009, 147630) -> S:2
[bbb] Captured NEW grid (37002, 147628)
[ccc] Reinforced (37025, 147631) -> S:4
[aaa] Captured NEW grid (37008, 147630)
[ccc] Captured NEW grid (37025, 147630)
[aaa] Captured NEW grid (37007, 147629)
[bbb] Captured NEW grid (37002, 147629)
[ccc] Captured NEW grid (37025, 147629)
[bbb] Captured NEW grid (37001, 147629)
[ccc] Captured NEW grid (37025, 147628)
[aaa] Captured NEW grid (37007, 147628)
[aaa] Reinforced (37007, 147629) -> S:2
[bbb] Captured NEW grid (37001, 147630)
[aaa] Captured NEW grid (37006, 147629)
[bbb] Captured NEW grid (37000, 147630)
[ccc] Captured NEW grid (37026, 147627)
[aaa] Captured NEW grid (37006, 147630)
[bbb] Captured NEW grid (37000, 147631)
[ccc] Captured NEW grid (37026, 147626)
[aaa] Captured NEW grid (37005, 147630)
[bbb] Captured NEW grid (36999, 147631)
[aaa] Reinforced (37006, 147630) -> S:2
[ccc] Captured NEW grid (37026, 147625)
[bbb] Captured NEW grid (36999, 147632)
[aaa] Captured NEW grid (37006, 147631)
[bbb] Captured NEW grid (36998, 147632)
[ccc] Reinforced (37026, 147625) -> S:2
[aaa] Captured NEW grid (37007, 147631)
[ccc] Captured NEW grid (37026, 147624)
[bbb] Captured NEW grid (36998, 147633)
[aaa] Captured NEW grid (37008, 147631)
[bbb] Captured NEW grid (36997, 147633)
[ccc] Captured NEW grid (37026, 147623)
[ccc] Captured NEW grid (37026, 147622)
[aaa] TOOK OVER grid from User 51!
[bbb] Captured NEW grid (36996, 147633)
[bbb] Captured NEW grid (36996, 147634)
[ccc] Reinforced (37026, 147622) -> S:2
[aaa] Captured NEW grid (37010, 147631)
[ccc] Captured NEW grid (37026, 147621)
[aaa] Captured NEW grid (37010, 147632)
[bbb] Captured NEW grid (36995, 147634)
[bbb] Captured NEW grid (36995, 147635)
[ccc] Captured NEW grid (37026, 147620)
[aaa] Captured NEW grid (37011, 147632)
[aaa] Reinforced (37010, 147632) -> S:2
[bbb] Captured NEW grid (36994, 147635)
[ccc] Captured NEW grid (37026, 147619)
[aaa] TOOK OVER grid from User 51!
[bbb] Captured NEW grid (36993, 147635)
[bbb] Captured NEW grid (36993, 147636)
[ccc] Captured NEW grid (37026, 147618)
[aaa] Reinforced (37009, 147632) -> S:2
[bbb] Captured NEW grid (36992, 147636)
[ccc] Captured NEW grid (37027, 147617)
[aaa] TOOK OVER grid from User 51!
[bbb] Captured NEW grid (36991, 147636)
[ccc] Reinforced (37027, 147617) -> S:2
[ccc] Captured NEW grid (37027, 147616)
[aaa] Reinforced (37009, 147633) -> S:2
[aaa] TOOK OVER grid from User 51!
[aaa] Captured NEW grid (37010, 147634)
[bbb] Captured NEW grid (36990, 147636)
[ccc] Captured NEW grid (37027, 147615)
[bbb] Captured NEW grid (36989, 147636)
[aaa] TOOK OVER grid from User 51!
[ccc] Captured NEW grid (37027, 147614)
[bbb] Reinforced (36989, 147636) -> S:2
[bbb] Captured NEW grid (36988, 147636)
[ccc] Captured NEW grid (37027, 147613)
[aaa] Reinforced (37010, 147632) -> S:3
[bbb] Captured NEW grid (36987, 147636)
[ccc] Reinforced (37027, 147613) -> S:2
[aaa] Reinforced (37010, 147631) -> S:2
[ccc] Captured NEW grid (37026, 147613)
[bbb] Captured NEW grid (36986, 147636)
[aaa] Reinforced (37011, 147630) -> S:2
[ccc] Captured NEW grid (37025, 147612)
[bbb] Reinforced (36986, 147636) -> S:2
[bbb] Captured NEW grid (36985, 147636)
[aaa] Reinforced (37011, 147630) -> S:3
[ccc] Captured NEW grid (37024, 147612)
[aaa] Reinforced (37012, 147630) -> S:3
[bbb] Captured NEW grid (36985, 147637)
[bbb] Captured NEW grid (36984, 147637)
[aaa] Captured NEW grid (37012, 147629)
[ccc] Captured NEW grid (37023, 147612)
[aaa] Reinforced (37013, 147629) -> S:2
[bbb] Captured NEW grid (36983, 147637)
[ccc] Captured NEW grid (37023, 147613)
[ccc] Captured NEW grid (37022, 147613)
[aaa] Captured NEW grid (37013, 147628)
[bbb] Captured NEW grid (36983, 147636)
[bbb] Captured NEW grid (36982, 147636)
[aaa] Captured NEW grid (37014, 147628)
[ccc] Captured NEW grid (37022, 147614)
[aaa] Captured NEW grid (37014, 147627)
[bbb] Captured NEW grid (36981, 147635)
[ccc] Captured NEW grid (37021, 147614)
[aaa] Captured NEW grid (37015, 147627)
[ccc] Captured NEW grid (37021, 147615)
[aaa] Reinforced (37015, 147627) -> S:2
[bbb] Reinforced (36981, 147635) -> S:2
[ccc] Reinforced (37021, 147615) -> S:2
[aaa] Captured NEW grid (37016, 147627)
[bbb] Captured NEW grid (36980, 147635)
[ccc] Captured NEW grid (37021, 147616)
[aaa] Captured NEW grid (37016, 147626)
[bbb] Captured NEW grid (36980, 147634)
[ccc] Captured NEW grid (37020, 147616)
[bbb] Reinforced (36980, 147635) -> S:2
[ccc] Captured NEW grid (37020, 147617)
[aaa] Captured NEW grid (37017, 147625)
[bbb] Reinforced (36980, 147635) -> S:3
[ccc] Reinforced (37020, 147617) -> S:2
[aaa] Reinforced (37017, 147625) -> S:2
[bbb] Captured NEW grid (36979, 147635)
[ccc] Captured NEW grid (37019, 147618)
[aaa] Captured NEW grid (37018, 147624)
[bbb] Captured NEW grid (36978, 147635)
[ccc] Reinforced (37019, 147618) -> S:2
[ccc] Captured NEW grid (37019, 147619)
